# JRE version: OpenJDK Runtime Environment (8.0_242-b01) (build 1.8.0_242-release-1644-b01)
# Java VM: OpenJDK 64-Bit Server VM (25.242-b01 mixed mode windows-amd64 compressed oops)
Heap:
 PSYoungGen      total 453120K, used 295160K [0x00000000d5580000, 0x00000000f3f80000, 0x0000000100000000)
  eden space 421888K, 66% used [0x00000000d5580000,0x00000000e6663528,0x00000000ef180000)
  from space 31232K, 50% used [0x00000000f2100000,0x00000000f305aeb0,0x00000000f3f80000)
  to   space 39936K, 0% used [0x00000000ef180000,0x00000000ef180000,0x00000000f1880000)
 ParOldGen       total 209920K, used 86180K [0x0000000080000000, 0x000000008cd00000, 0x00000000d5580000)
  object space 209920K, 41% used [0x0000000080000000,0x0000000085429178,0x000000008cd00000)
 Metaspace       used 101524K, capacity 107755K, committed 107800K, reserved 1142784K
  class space    used 13013K, capacity 14126K, committed 14128K, reserved 1048576K
GC Heap History (10 events):
Event: 883.922 GC heap before
{Heap before GC invocations=26 (full 4):
 PSYoungGen      total 339456K, used 313528K [0x00000000d5580000, 0x00000000eee00000, 0x0000000100000000)
  eden space 301568K, 100% used [0x00000000d5580000,0x00000000e7c00000,0x00000000e7c00000)
  from space 37888K, 31% used [0x00000000e7c00000,0x00000000e87ae050,0x00000000ea100000)
  to   space 36352K, 0% used [0x00000000eca80000,0x00000000eca80000,0x00000000eee00000)
 ParOldGen       total 209920K, used 86140K [0x0000000080000000, 0x000000008cd00000, 0x00000000d5580000)
  object space 209920K, 41% used [0x0000000080000000,0x000000008541f178,0x000000008cd00000)
 Metaspace       used 98887K, capacity 104335K, committed 104856K, reserved 1140736K
  class space    used 12871K, capacity 13848K, committed 14000K, reserved 1048576K
Event: 883.968 GC heap after
Heap after GC invocations=26 (full 4):
 PSYoungGen      total 377856K, used 32185K [0x00000000d5580000, 0x00000000f0300000, 0x0000000100000000)
  eden space 341504K, 0% used [0x00000000d5580000,0x00000000d5580000,0x00000000ea300000)
  from space 36352K, 88% used [0x00000000eca80000,0x00000000ee9ee4e0,0x00000000eee00000)
  to   space 40448K, 0% used [0x00000000ea300000,0x00000000ea300000,0x00000000eca80000)
 ParOldGen       total 209920K, used 86148K [0x0000000080000000, 0x000000008cd00000, 0x00000000d5580000)
  object space 209920K, 41% used [0x0000000080000000,0x0000000085421178,0x000000008cd00000)
 Metaspace       used 98887K, capacity 104335K, committed 104856K, reserved 1140736K
  class space    used 12871K, capacity 13848K, committed 14000K, reserved 1048576K
}
Event: 987.282 GC heap before
{Heap before GC invocations=27 (full 4):
 PSYoungGen      total 377856K, used 373689K [0x00000000d5580000, 0x00000000f0300000, 0x0000000100000000)
  eden space 341504K, 100% used [0x00000000d5580000,0x00000000ea300000,0x00000000ea300000)
  from space 36352K, 88% used [0x00000000eca80000,0x00000000ee9ee4e0,0x00000000eee00000)
  to   space 40448K, 0% used [0x00000000ea300000,0x00000000ea300000,0x00000000eca80000)
 ParOldGen       total 209920K, used 86148K [0x0000000080000000, 0x000000008cd00000, 0x00000000d5580000)
  object space 209920K, 41% used [0x0000000080000000,0x0000000085421178,0x000000008cd00000)
 Metaspace       used 99475K, capacity 105167K, committed 105368K, reserved 1140736K
  class space    used 12899K, capacity 13897K, committed 14000K, reserved 1048576K
Event: 987.296 GC heap after
Heap after GC invocations=27 (full 4):
 PSYoungGen      total 381952K, used 18384K [0x00000000d5580000, 0x00000000f2500000, 0x0000000100000000)
  eden space 341504K, 0% used [0x00000000d5580000,0x00000000d5580000,0x00000000ea300000)
  from space 40448K, 45% used [0x00000000ea300000,0x00000000eb4f4388,0x00000000eca80000)
  to   space 38912K, 0% used [0x00000000eff00000,0x00000000eff00000,0x00000000f2500000)
 ParOldGen       total 209920K, used 86156K [0x0000000080000000, 0x000000008cd00000, 0x00000000d5580000)
  object space 209920K, 41% used [0x0000000080000000,0x0000000085423178,0x000000008cd00000)
 Metaspace       used 99475K, capacity 105167K, committed 105368K, reserved 1140736K
  class space    used 12899K, capacity 13897K, committed 14000K, reserved 1048576K
}
Event: 1022.295 GC heap before
{Heap before GC invocations=28 (full 4):
 PSYoungGen      total 381952K, used 359888K [0x00000000d5580000, 0x00000000f2500000, 0x0000000100000000)
  eden space 341504K, 100% used [0x00000000d5580000,0x00000000ea300000,0x00000000ea300000)
  from space 40448K, 45% used [0x00000000ea300000,0x00000000eb4f4388,0x00000000eca80000)
  to   space 38912K, 0% used [0x00000000eff00000,0x00000000eff00000,0x00000000f2500000)
 ParOldGen       total 209920K, used 86156K [0x0000000080000000, 0x000000008cd00000, 0x00000000d5580000)
  object space 209920K, 41% used [0x0000000080000000,0x0000000085423178,0x000000008cd00000)
 Metaspace       used 100228K, capacity 106009K, committed 106264K, reserved 1140736K
  class space    used 12933K, capacity 13985K, committed 14128K, reserved 1048576K
Event: 1022.313 GC heap after
Heap after GC invocations=28 (full 4):
 PSYoungGen      total 414208K, used 15453K [0x00000000d5580000, 0x00000000f1880000, 0x0000000100000000)
  eden space 388096K, 0% used [0x00000000d5580000,0x00000000d5580000,0x00000000ed080000)
  from space 26112K, 59% used [0x00000000eff00000,0x00000000f0e17718,0x00000000f1880000)
  to   space 36864K, 0% used [0x00000000ed080000,0x00000000ed080000,0x00000000ef480000)
 ParOldGen       total 209920K, used 86164K [0x0000000080000000, 0x000000008cd00000, 0x00000000d5580000)
  object space 209920K, 41% used [0x0000000080000000,0x0000000085425178,0x000000008cd00000)
 Metaspace       used 100228K, capacity 106009K, committed 106264K, reserved 1140736K
  class space    used 12933K, capacity 13985K, committed 14128K, reserved 1048576K
}
Event: 1024.016 GC heap before
{Heap before GC invocations=29 (full 4):
 PSYoungGen      total 414208K, used 403549K [0x00000000d5580000, 0x00000000f1880000, 0x0000000100000000)
  eden space 388096K, 100% used [0x00000000d5580000,0x00000000ed080000,0x00000000ed080000)
  from space 26112K, 59% used [0x00000000eff00000,0x00000000f0e17718,0x00000000f1880000)
  to   space 36864K, 0% used [0x00000000ed080000,0x00000000ed080000,0x00000000ef480000)
 ParOldGen       total 209920K, used 86164K [0x0000000080000000, 0x000000008cd00000, 0x00000000d5580000)
  object space 209920K, 41% used [0x0000000080000000,0x0000000085425178,0x000000008cd00000)
 Metaspace       used 100613K, capacity 106625K, committed 106776K, reserved 1142784K
  class space    used 12960K, capacity 14033K, committed 14128K, reserved 1048576K
Event: 1024.037 GC heap after
Heap after GC invocations=29 (full 4):
 PSYoungGen      total 424960K, used 34964K [0x00000000d5580000, 0x00000000f4980000, 0x0000000100000000)
  eden space 388096K, 0% used [0x00000000d5580000,0x00000000d5580000,0x00000000ed080000)
  from space 36864K, 94% used [0x00000000ed080000,0x00000000ef2a53f0,0x00000000ef480000)
  to   space 41472K, 0% used [0x00000000f2100000,0x00000000f2100000,0x00000000f4980000)
 ParOldGen       total 209920K, used 86172K [0x0000000080000000, 0x000000008cd00000, 0x00000000d5580000)
  object space 209920K, 41% used [0x0000000080000000,0x0000000085427178,0x000000008cd00000)
 Metaspace       used 100613K, capacity 106625K, committed 106776K, reserved 1142784K
  class space    used 12960K, capacity 14033K, committed 14128K, reserved 1048576K
}
Event: 2097.274 GC heap before
{Heap before GC invocations=30 (full 4):
 PSYoungGen      total 424960K, used 423060K [0x00000000d5580000, 0x00000000f4980000, 0x0000000100000000)
  eden space 388096K, 100% used [0x00000000d5580000,0x00000000ed080000,0x00000000ed080000)
  from space 36864K, 94% used [0x00000000ed080000,0x00000000ef2a53f0,0x00000000ef480000)
  to   space 41472K, 0% used [0x00000000f2100000,0x00000000f2100000,0x00000000f4980000)
 ParOldGen       total 209920K, used 86172K [0x0000000080000000, 0x000000008cd00000, 0x00000000d5580000)
  object space 209920K, 41% used [0x0000000080000000,0x0000000085427178,0x000000008cd00000)
 Metaspace       used 101189K, capacity 107221K, committed 107544K, reserved 1142784K
  class space    used 12981K, capacity 14069K, committed 14128K, reserved 1048576K
Event: 2097.294 GC heap after
Heap after GC invocations=30 (full 4):
 PSYoungGen      total 453120K, used 15723K [0x00000000d5580000, 0x00000000f3f80000, 0x0000000100000000)
  eden space 421888K, 0% used [0x00000000d5580000,0x00000000d5580000,0x00000000ef180000)
  from space 31232K, 50% used [0x00000000f2100000,0x00000000f305aeb0,0x00000000f3f80000)
  to   space 39936K, 0% used [0x00000000ef180000,0x00000000ef180000,0x00000000f1880000)
 ParOldGen       total 209920K, used 86180K [0x0000000080000000, 0x000000008cd00000, 0x00000000d5580000)
  object space 209920K, 41% used [0x0000000080000000,0x0000000085429178,0x000000008cd00000)
 Metaspace       used 101189K, capacity 107221K, committed 107544K, reserved 1142784K
  class space    used 12981K, capacity 14069K, committed 14128K, reserved 1048576K
}

