# JRE version: OpenJDK Runtime Environment (8.0_242-b01) (build 1.8.0_242-release-1644-b01)
# Java VM: OpenJDK 64-Bit Server VM (25.242-b01 mixed mode windows-amd64 compressed oops)
Heap:
 PSYoungGen      total 138240K, used 50097K [0x00000000d5580000, 0x00000000e0300000, 0x0000000100000000)
  eden space 126976K, 39% used [0x00000000d5580000,0x00000000d866c600,0x00000000dd180000)
  from space 11264K, 0% used [0x00000000dd180000,0x00000000dd180000,0x00000000ddc80000)
  to   space 12800K, 0% used [0x00000000df680000,0x00000000df680000,0x00000000e0300000)
 ParOldGen       total 82944K, used 17266K [0x0000000080000000, 0x0000000085100000, 0x00000000d5580000)
  object space 82944K, 20% used [0x0000000080000000,0x00000000810dc920,0x0000000085100000)
 Metaspace       used 36313K, capacity 37754K, committed 37928K, reserved 1081344K
  class space    used 4993K, capacity 5322K, committed 5424K, reserved 1048576K
GC Heap History (10 events):
Event: 2.646 GC heap before
{Heap before GC invocations=7 (full 0):
 PSYoungGen      total 75264K, used 13018K [0x00000000d5580000, 0x00000000daa80000, 0x0000000100000000)
  eden space 65024K, 6% used [0x00000000d5580000,0x00000000d59bfd68,0x00000000d9500000)
  from space 10240K, 84% used [0x00000000d9f80000,0x00000000da7f6b30,0x00000000da980000)
  to   space 10752K, 0% used [0x00000000d9500000,0x00000000d9500000,0x00000000d9f80000)
 ParOldGen       total 86016K, used 6585K [0x0000000080000000, 0x0000000085400000, 0x00000000d5580000)
  object space 86016K, 7% used [0x0000000080000000,0x000000008066e7f8,0x0000000085400000)
 Metaspace       used 20558K, capacity 21212K, committed 21296K, reserved 1067008K
  class space    used 2876K, capacity 3076K, committed 3120K, reserved 1048576K
Event: 2.651 GC heap after
Heap after GC invocations=7 (full 0):
 PSYoungGen      total 75776K, used 3844K [0x00000000d5580000, 0x00000000de980000, 0x0000000100000000)
  eden space 65024K, 0% used [0x00000000d5580000,0x00000000d5580000,0x00000000d9500000)
  from space 10752K, 35% used [0x00000000d9500000,0x00000000d98c1050,0x00000000d9f80000)
  to   space 10752K, 0% used [0x00000000ddf00000,0x00000000ddf00000,0x00000000de980000)
 ParOldGen       total 86016K, used 8910K [0x0000000080000000, 0x0000000085400000, 0x00000000d5580000)
  object space 86016K, 10% used [0x0000000080000000,0x00000000808b3858,0x0000000085400000)
 Metaspace       used 20558K, capacity 21212K, committed 21296K, reserved 1067008K
  class space    used 2876K, capacity 3076K, committed 3120K, reserved 1048576K
}
Event: 2.651 GC heap before
{Heap before GC invocations=8 (full 1):
 PSYoungGen      total 75776K, used 3844K [0x00000000d5580000, 0x00000000de980000, 0x0000000100000000)
  eden space 65024K, 0% used [0x00000000d5580000,0x00000000d5580000,0x00000000d9500000)
  from space 10752K, 35% used [0x00000000d9500000,0x00000000d98c1050,0x00000000d9f80000)
  to   space 10752K, 0% used [0x00000000ddf00000,0x00000000ddf00000,0x00000000de980000)
 ParOldGen       total 86016K, used 8910K [0x0000000080000000, 0x0000000085400000, 0x00000000d5580000)
  object space 86016K, 10% used [0x0000000080000000,0x00000000808b3858,0x0000000085400000)
 Metaspace       used 20558K, capacity 21212K, committed 21296K, reserved 1067008K
  class space    used 2876K, capacity 3076K, committed 3120K, reserved 1048576K
Event: 2.693 GC heap after
Heap after GC invocations=8 (full 1):
 PSYoungGen      total 75776K, used 0K [0x00000000d5580000, 0x00000000de980000, 0x0000000100000000)
  eden space 65024K, 0% used [0x00000000d5580000,0x00000000d5580000,0x00000000d9500000)
  from space 10752K, 0% used [0x00000000d9500000,0x00000000d9500000,0x00000000d9f80000)
  to   space 10752K, 0% used [0x00000000ddf00000,0x00000000ddf00000,0x00000000de980000)
 ParOldGen       total 52736K, used 6777K [0x0000000080000000, 0x0000000083380000, 0x00000000d5580000)
  object space 52736K, 12% used [0x0000000080000000,0x000000008069e468,0x0000000083380000)
 Metaspace       used 20558K, capacity 21212K, committed 21296K, reserved 1067008K
  class space    used 2876K, capacity 3076K, committed 3120K, reserved 1048576K
}
Event: 3.594 GC heap before
{Heap before GC invocations=9 (full 1):
 PSYoungGen      total 75776K, used 65024K [0x00000000d5580000, 0x00000000de980000, 0x0000000100000000)
  eden space 65024K, 100% used [0x00000000d5580000,0x00000000d9500000,0x00000000d9500000)
  from space 10752K, 0% used [0x00000000d9500000,0x00000000d9500000,0x00000000d9f80000)
  to   space 10752K, 0% used [0x00000000ddf00000,0x00000000ddf00000,0x00000000de980000)
 ParOldGen       total 52736K, used 6777K [0x0000000080000000, 0x0000000083380000, 0x00000000d5580000)
  object space 52736K, 12% used [0x0000000080000000,0x000000008069e468,0x0000000083380000)
 Metaspace       used 28788K, capacity 29678K, committed 29872K, reserved 1075200K
  class space    used 3992K, capacity 4225K, committed 4272K, reserved 1048576K
Event: 3.602 GC heap after
Heap after GC invocations=9 (full 1):
 PSYoungGen      total 118272K, used 8614K [0x00000000d5580000, 0x00000000de780000, 0x0000000100000000)
  eden space 109568K, 0% used [0x00000000d5580000,0x00000000d5580000,0x00000000dc080000)
  from space 8704K, 98% used [0x00000000ddf00000,0x00000000de7699c8,0x00000000de780000)
  to   space 11264K, 0% used [0x00000000dd180000,0x00000000dd180000,0x00000000ddc80000)
 ParOldGen       total 52736K, used 6785K [0x0000000080000000, 0x0000000083380000, 0x00000000d5580000)
  object space 52736K, 12% used [0x0000000080000000,0x00000000806a0468,0x0000000083380000)
 Metaspace       used 28788K, capacity 29678K, committed 29872K, reserved 1075200K
  class space    used 3992K, capacity 4225K, committed 4272K, reserved 1048576K
}
Event: 5.001 GC heap before
{Heap before GC invocations=10 (full 1):
 PSYoungGen      total 118272K, used 102117K [0x00000000d5580000, 0x00000000de780000, 0x0000000100000000)
  eden space 109568K, 85% used [0x00000000d5580000,0x00000000db0cfc10,0x00000000dc080000)
  from space 8704K, 98% used [0x00000000ddf00000,0x00000000de7699c8,0x00000000de780000)
  to   space 11264K, 0% used [0x00000000dd180000,0x00000000dd180000,0x00000000ddc80000)
 ParOldGen       total 52736K, used 6785K [0x0000000080000000, 0x0000000083380000, 0x00000000d5580000)
  object space 52736K, 12% used [0x0000000080000000,0x00000000806a0468,0x0000000083380000)
 Metaspace       used 34352K, capacity 35408K, committed 35496K, reserved 1079296K
  class space    used 4731K, capacity 5003K, committed 5040K, reserved 1048576K
Event: 5.013 GC heap after
Heap after GC invocations=10 (full 1):
 PSYoungGen      total 138240K, used 11137K [0x00000000d5580000, 0x00000000e0300000, 0x0000000100000000)
  eden space 126976K, 0% used [0x00000000d5580000,0x00000000d5580000,0x00000000dd180000)
  from space 11264K, 98% used [0x00000000dd180000,0x00000000ddc604d8,0x00000000ddc80000)
  to   space 12800K, 0% used [0x00000000df680000,0x00000000df680000,0x00000000e0300000)
 ParOldGen       total 52736K, used 6793K [0x0000000080000000, 0x0000000083380000, 0x00000000d5580000)
  object space 52736K, 12% used [0x0000000080000000,0x00000000806a2468,0x0000000083380000)
 Metaspace       used 34352K, capacity 35408K, committed 35496K, reserved 1079296K
  class space    used 4731K, capacity 5003K, committed 5040K, reserved 1048576K
}
Event: 5.013 GC heap before
{Heap before GC invocations=11 (full 2):
 PSYoungGen      total 138240K, used 11137K [0x00000000d5580000, 0x00000000e0300000, 0x0000000100000000)
  eden space 126976K, 0% used [0x00000000d5580000,0x00000000d5580000,0x00000000dd180000)
  from space 11264K, 98% used [0x00000000dd180000,0x00000000ddc604d8,0x00000000ddc80000)
  to   space 12800K, 0% used [0x00000000df680000,0x00000000df680000,0x00000000e0300000)
 ParOldGen       total 52736K, used 6793K [0x0000000080000000, 0x0000000083380000, 0x00000000d5580000)
  object space 52736K, 12% used [0x0000000080000000,0x00000000806a2468,0x0000000083380000)
 Metaspace       used 34352K, capacity 35408K, committed 35496K, reserved 1079296K
  class space    used 4731K, capacity 5003K, committed 5040K, reserved 1048576K
Event: 5.089 GC heap after
Heap after GC invocations=11 (full 2):
 PSYoungGen      total 138240K, used 0K [0x00000000d5580000, 0x00000000e0300000, 0x0000000100000000)
  eden space 126976K, 0% used [0x00000000d5580000,0x00000000d5580000,0x00000000dd180000)
  from space 11264K, 0% used [0x00000000dd180000,0x00000000dd180000,0x00000000ddc80000)
  to   space 12800K, 0% used [0x00000000df680000,0x00000000df680000,0x00000000e0300000)
 ParOldGen       total 82944K, used 17266K [0x0000000080000000, 0x0000000085100000, 0x00000000d5580000)
  object space 82944K, 20% used [0x0000000080000000,0x00000000810dc920,0x0000000085100000)
 Metaspace       used 34352K, capacity 35408K, committed 35496K, reserved 1079296K
  class space    used 4731K, capacity 5003K, committed 5040K, reserved 1048576K
}

